
=== Início da sessão CarapauCracker para 192.168.88.130 ===
[33m[!] Nenhuma porta TCP aberta encontrada no Quick Scan. A correr full detailed scan (-sV -sC ).
[36m
[🧪] Nmap Detailed Scan em execução...
[35m    ➤ Comando: nmap -sV -sC -T4 192.168.88.130

Starting Nmap 7.94SVN ( https://nmap.org ) at 2026-01-08 11:56 WET
Nmap scan report for 192.168.88.130
Host is up (0.52s latency).
Not shown: 977 closed tcp ports (conn-refused)
PORT     STATE SERVICE     VERSION
21/tcp   open  ftp         vsftpd 2.3.4
| ftp-syst: 
|   STAT: 
| FTP server status:
|      Connected to 192.168.88.129
|      Logged in as ftp
|      TYPE: ASCII
|      No session bandwidth limit
|      Session timeout in seconds is 300
|      Control connection is plain text
|      Data connections will be plain text
|      vsFTPd 2.3.4 - secure, fast, stable
|_End of status
|_ftp-anon: Anonymous FTP login allowed (FTP code 230)
22/tcp   open  ssh         OpenSSH 4.7p1 Debian 8ubuntu1 (protocol 2.0)
| ssh-hostkey: 
|   1024 60:0f:cf:e1:c0:5f:6a:74:d6:90:24:fa:c4:d5:6c:cd (DSA)
|_  2048 56:56:24:0f:21:1d:de:a7:2b:ae:61:b1:24:3d:e8:f3 (RSA)
23/tcp   open  telnet      Linux telnetd
25/tcp   open  smtp        Postfix smtpd
|_smtp-commands: metasploitable.localdomain, PIPELINING, SIZE 10240000, VRFY, ETRN, STARTTLS, ENHANCEDSTATUSCODES, 8BITMIME, DSN
|_ssl-date: 2026-01-08T11:56:44+00:00; +1s from scanner time.
| sslv2: 
|   SSLv2 supported
|   ciphers: 
|     SSL2_DES_192_EDE3_CBC_WITH_MD5
|     SSL2_RC4_128_WITH_MD5
|     SSL2_RC2_128_CBC_EXPORT40_WITH_MD5
|     SSL2_RC4_128_EXPORT40_WITH_MD5
|     SSL2_RC2_128_CBC_WITH_MD5
|_    SSL2_DES_64_CBC_WITH_MD5
53/tcp   open  domain      ISC BIND 9.4.2
| dns-nsid: 
|_  bind.version: 9.4.2
80/tcp   open  http        Apache httpd 2.2.8 ((Ubuntu) DAV/2)
|_http-title: Metasploitable2 - Linux
|_http-server-header: Apache/2.2.8 (Ubuntu) DAV/2
111/tcp  open  rpcbind     2 (RPC #100000)
| rpcinfo: 
|   program version    port/proto  service
|   100000  2            111/tcp   rpcbind
|   100000  2            111/udp   rpcbind
|   100003  2,3,4       2049/tcp   nfs
|   100003  2,3,4       2049/udp   nfs
|   100005  1,2,3      35666/udp   mountd
|   100005  1,2,3      41362/tcp   mountd
|   100021  1,3,4      46817/udp   nlockmgr
|   100021  1,3,4      50214/tcp   nlockmgr
|   100024  1          45922/udp   status
|_  100024  1          60727/tcp   status
139/tcp  open  netbios-ssn Samba smbd 3.X - 4.X (workgroup: WORKGROUP)
445/tcp  open  netbios-ssn Samba smbd 3.0.20-Debian (workgroup: WORKGROUP)
512/tcp  open  exec        netkit-rsh rexecd
513/tcp  open  login       OpenBSD or Solaris rlogind
514/tcp  open  tcpwrapped
1099/tcp open  java-rmi    GNU Classpath grmiregistry
1524/tcp open  bindshell   Metasploitable root shell
2049/tcp open  nfs         2-4 (RPC #100003)
2121/tcp open  ftp         ProFTPD 1.3.1
3306/tcp open  mysql       MySQL 5.0.51a-3ubuntu5
| mysql-info: 
|   Protocol: 10
|   Version: 5.0.51a-3ubuntu5
|   Thread ID: 25
|   Capabilities flags: 43564
|   Some Capabilities: ConnectWithDatabase, Support41Auth, SupportsTransactions, LongColumnFlag, SupportsCompression, SwitchToSSLAfterHandshake, Speaks41ProtocolNew
|   Status: Autocommit
|_  Salt: {NR2A3w!9<`OMt~>Vwta
5432/tcp open  postgresql  PostgreSQL DB 8.3.0 - 8.3.7
|_ssl-date: 2026-01-08T11:56:44+00:00; +1s from scanner time.
5900/tcp open  vnc         VNC (protocol 3.3)
| vnc-info: 
|   Protocol version: 3.3
|   Security types: 
|_    VNC Authentication (2)
6000/tcp open  X11         (access denied)
6667/tcp open  irc         UnrealIRCd
| irc-info: 
|   users: 1
|   servers: 1
|   lusers: 1
|   lservers: 0
|   server: irc.Metasploitable.LAN
|   version: Unreal3.2.8.1. irc.Metasploitable.LAN 
|   uptime: 0 days, 0:39:04
|   source ident: nmap
|   source host: 5CA44D8D.19FFE9E3.FFFA6D49.IP
|_  error: Closing Link: sxhtwhxjf[192.168.88.129] (Quit: sxhtwhxjf)
8009/tcp open  ajp13       Apache Jserv (Protocol v1.3)
|_ajp-methods: Failed to get a valid response for the OPTION request
8180/tcp open  http        Apache Tomcat/Coyote JSP engine 1.1
|_http-title: Apache Tomcat/5.5
|_http-favicon: Apache Tomcat
|_http-server-header: Apache-Coyote/1.1
Service Info: Hosts:  metasploitable.localdomain, irc.Metasploitable.LAN; OSs: Unix, Linux; CPE: cpe:/o:linux:linux_kernel

Host script results:
|_clock-skew: mean: 1h15m01s, deviation: 2h30m00s, median: 0s
|_smb2-time: Protocol negotiation failed (SMB2)
| smb-security-mode: 
|   account_used: <blank>
|   authentication_level: user
|   challenge_response: supported
|_  message_signing: disabled (dangerous, but default)
|_nbstat: NetBIOS name: METASPLOITABLE, NetBIOS user: <unknown>, NetBIOS MAC: <unknown> (unknown)
| smb-os-discovery: 
|   OS: Unix (Samba 3.0.20-Debian)
|   Computer name: metasploitable
|   NetBIOS computer name: 
|   Domain name: localdomain
|   FQDN: metasploitable.localdomain
|_  System time: 2026-01-08T06:56:36-05:00

Service detection performed. Please report any incorrect results at https://nmap.org/submit/ .
Nmap done: 1 IP address (1 host up) scanned in 22.13 seconds
[32m[✔] Nmap Detailed Scan concluído.

[36m
[🧩] A analisar: ftp vsftpd 2.3.4
[36m
[💾] SearchSploit lookup: ftp vsftpd 2.3.4
---------------------------------------------- ---------------------------------
 Exploit Title                                |  Path
---------------------------------------------- ---------------------------------
[01;31m[Kvsftpd[m[K [01;31m[K2.3.4[m[K - Backdoor Command Execution     | unix/remote/49757.py
[01;31m[Kvsftpd[m[K [01;31m[K2.3.4[m[K - Backdoor Command Execution (Me | unix/remote/17491.rb
---------------------------------------------- ---------------------------------
Shellcodes: No Results
[36m[💣] A procurar exploits no Metasploit para: ftp vsftpd 2.3.4
[0m
Matching Modules
================

   #  Name                                  Disclosure Date  Rank       Check  Description
   -  ----                                  ---------------  ----       -----  -----------
   0  exploit/unix/[45mftp[0m/[45mvsftpd[0m_234_backdoor  2011-07-03       [32mexcellent[0m  No     [45mVSFTPD[0m v[45m2.3.4[0m Backdoor Command Execution


Interact with a module by name or index. For example [32minfo 0[0m, [32muse 0[0m or [32muse exploit/unix/ftp/vsftpd_234_backdoor[0m

[0m[36m
[🧩] A analisar: ssh OpenSSH 4.7p1 Debian 8ubuntu1 (protocol 2.0)
[36m
[💾] SearchSploit lookup: ssh OpenSSH 4.7p1 Debian 8ubuntu1 (protocol 2.0)
Exploits: No Results
Shellcodes: No Results
[36m[💣] A procurar exploits no Metasploit para: ssh OpenSSH 4.7p1 Debian 8ubuntu1 (protocol 2.0)
[0m[1m[31m[-][0m No results from search
[0m[36m
[🧩] A analisar: telnet Linux telnetd
[36m
[💾] SearchSploit lookup: telnet Linux telnetd
---------------------------------------------- ---------------------------------
 Exploit Title                                |  Path
---------------------------------------------- ---------------------------------
netkit-[01;31m[Ktelnet[m[K-0.17 [01;31m[Ktelnetd[m[K (Fedora 31) - 'Bra | [01;31m[Klinux[m[K/remote/48170.py
[01;31m[KTelnetD[m[K encrypt_keyid - Function Pointer Over | [01;31m[Klinux[m[K/remote/18280.c
---------------------------------------------- ---------------------------------
---------------------------------------------- ---------------------------------
 Shellcode Title                              |  Path
---------------------------------------------- ---------------------------------
[01;31m[KLinux[m[K/MIPS (Little Endian) - system([01;31m[Ktelnetd[m[K - | [01;31m[Klinux[m[K_mips/27132.txt
---------------------------------------------- ---------------------------------
[36m[💣] A procurar exploits no Metasploit para: telnet Linux telnetd
[0m
Matching Modules
================

   #   Name                                                   Disclosure Date  Rank       Check  Description
   -   ----                                                   ---------------  ----       -----  -----------
   0   exploit/[45mlinux[0m/http/asuswrt_lan_rce                     2018-01-22       [32mexcellent[0m  No     AsusWRT LAN Unauthenticated Remote Code Execution
   1   exploit/[45mlinux[0m/http/dlink_diagnostic_exec_noauth        2013-03-05       [32mexcellent[0m  No     D-Link DIR-645 / DIR-815 diagnostic.php Command Execution
   2     \_ target: CMD                                       .                .          .      .
   3     \_ target: [45mLinux[0m mipsel Payload                      .                .          .      .
   4   exploit/[45mlinux[0m/misc/hp_jetdirect_path_traversal         2017-04-05       normal     No     HP Jetdirect Path Traversal Arbitrary Code Execution
   5   exploit/[45mlinux[0m/[45mtelnet[0m/[45mtelnet[0m_encrypt_keyid              2011-12-23       [32mgreat[0m      No     [45mLinux[0m BSD-derived [45mTelnet[0m Service Encryption Key ID Buffer Overflow
   6     \_ target: Automatic                                 .                .          .      .
   7     \_ target: Red Hat Enterprise [45mLinux[0m 3 (krb5-[45mtelnet[0m)  .                .          .      .
   8   exploit/[45mlinux[0m/[45mtelnet[0m/netgear_[45mtelnet[0menable              2009-10-30       [32mexcellent[0m  Yes    NETGEAR [45mTelnet[0mEnable
   9     \_ target: Automatic (detect TCP or UDP)             .                .          .      .
   10    \_ target: TCP (typically older devices)             .                .          .      .
   11    \_ target: UDP (typically newer devices)             .                .          .      .


Interact with a module by name or index. For example [32minfo 11[0m, [32muse 11[0m or [32muse exploit/linux/telnet/netgear_telnetenable[0m
After interacting with a module you can manually set a TARGET with [32mset TARGET 'UDP (typically newer devices)'[0m

[0m[36m
[🧩] A analisar: smtp Postfix smtpd
[36m
[💾] SearchSploit lookup: smtp Postfix smtpd
Exploits: No Results
Shellcodes: No Results
[36m[💣] A procurar exploits no Metasploit para: smtp Postfix smtpd
[0m[1m[31m[-][0m No results from search
[0m[36m
[🧩] A analisar: domain ISC BIND 9.4.2
[36m
[💾] SearchSploit lookup: domain ISC BIND 9.4.2
Exploits: No Results
Shellcodes: No Results
[36m[💣] A procurar exploits no Metasploit para: domain ISC BIND 9.4.2
[0m[1m[31m[-][0m No results from search
[0m[36m
[🧩] A analisar: http Apache httpd 2.2.8 ((Ubuntu) DAV/2)
[36m
[💾] SearchSploit lookup: http Apache httpd 2.2.8 ((Ubuntu) DAV/2)
Exploits: No Results
Shellcodes: No Results
[36m[💣] A procurar exploits no Metasploit para: http Apache httpd 2.2.8 ((Ubuntu) DAV/2)
[0m[1m[31m[-][0m No results from search
[0m[36m
[🧩] A analisar: rpcbind 2 (RPC #100000)
[36m
[💾] SearchSploit lookup: rpcbind 2 (RPC #100000)
Exploits: No Results
Shellcodes: No Results
[36m[💣] A procurar exploits no Metasploit para: rpcbind 2 (RPC #100000)
[0m[1m[31m[-][0m No results from search
[0m[36m
[🧩] A analisar: netbios-ssn Samba smbd 3.X - 4.X (workgroup: WORKGROUP)
[36m
[💾] SearchSploit lookup: netbios-ssn Samba smbd 3.X - 4.X (workgroup: WORKGROUP)
Exploits: No Results
Shellcodes: No Results
[36m[💣] A procurar exploits no Metasploit para: netbios-ssn Samba smbd 3.X - 4.X (workgroup: WORKGROUP)
[0m[1m[31m[-][0m No results from search
[0m[36m
[🧩] A analisar: netbios-ssn Samba smbd 3.0.20-Debian (workgroup: WORKGROUP)
[36m
[💾] SearchSploit lookup: netbios-ssn Samba smbd 3.0.20-Debian (workgroup: WORKGROUP)
Exploits: No Results
Shellcodes: No Results
[36m[💣] A procurar exploits no Metasploit para: netbios-ssn Samba smbd 3.0.20-Debian (workgroup: WORKGROUP)
[0m[1m[31m[-][0m No results from search
[0m[36m
[🧩] A analisar: exec netkit-rsh rexecd
[36m
[💾] SearchSploit lookup: exec netkit-rsh rexecd
Exploits: No Results
Shellcodes: No Results
[36m[💣] A procurar exploits no Metasploit para: exec netkit-rsh rexecd
[0m[1m[31m[-][0m No results from search
[0m[36m
[🧩] A analisar: login OpenBSD or Solaris rlogind
[36m
[💾] SearchSploit lookup: login OpenBSD or Solaris rlogind
Exploits: No Results
Shellcodes: No Results
[36m[💣] A procurar exploits no Metasploit para: login OpenBSD or Solaris rlogind
[0m[1m[31m[-][0m No results from search
[0m[36m
[🧩] A analisar: java-rmi GNU Classpath grmiregistry
[36m
[💾] SearchSploit lookup: java-rmi GNU Classpath grmiregistry
Exploits: No Results
Shellcodes: No Results
[36m[💣] A procurar exploits no Metasploit para: java-rmi GNU Classpath grmiregistry
[0m[1m[31m[-][0m No results from search
[0m[36m
[🧩] A analisar: bindshell Metasploitable root shell
[36m
[💾] SearchSploit lookup: bindshell Metasploitable root shell
Exploits: No Results
Shellcodes: No Results
[36m[💣] A procurar exploits no Metasploit para: bindshell Metasploitable root shell
[0m[1m[31m[-][0m No results from search
[0m[36m
[🧩] A analisar: nfs 2-4 (RPC #100003)
[36m
[💾] SearchSploit lookup: nfs 2-4 (RPC #100003)
Exploits: No Results
Shellcodes: No Results
[36m[💣] A procurar exploits no Metasploit para: nfs 2-4 (RPC #100003)
[0m[1m[31m[-][0m No results from search
[0m[36m
[🧩] A analisar: ftp ProFTPD 1.3.1
[36m
[💾] SearchSploit lookup: ftp ProFTPD 1.3.1
Exploits: No Results
Shellcodes: No Results
[36m[💣] A procurar exploits no Metasploit para: ftp ProFTPD 1.3.1
[0m[1m[31m[-][0m No results from search
[0m[36m
[🧩] A analisar: mysql MySQL 5.0.51a-3ubuntu5
[36m
[💾] SearchSploit lookup: mysql MySQL 5.0.51a-3ubuntu5
Exploits: No Results
Shellcodes: No Results
[36m[💣] A procurar exploits no Metasploit para: mysql MySQL 5.0.51a-3ubuntu5
[0m[1m[31m[-][0m No results from search
[0m[36m
[🧩] A analisar: postgresql PostgreSQL DB 8.3.0 - 8.3.7
[36m
[💾] SearchSploit lookup: postgresql PostgreSQL DB 8.3.0 - 8.3.7
Exploits: No Results
Shellcodes: No Results
[36m[💣] A procurar exploits no Metasploit para: postgresql PostgreSQL DB 8.3.0 - 8.3.7
[0m[1m[31m[-][0m No results from search
[0m[36m
[🧩] A analisar: vnc VNC (protocol 3.3)
[36m
[💾] SearchSploit lookup: vnc VNC (protocol 3.3)
Exploits: No Results
Shellcodes: No Results
[36m[💣] A procurar exploits no Metasploit para: vnc VNC (protocol 3.3)
[0m[1m[31m[-][0m No results from search
[0m[36m
[🧩] A analisar: X11 (access denied)
[36m
[💾] SearchSploit lookup: X11 (access denied)
Exploits: No Results
Shellcodes: No Results
[36m[💣] A procurar exploits no Metasploit para: X11 (access denied)
[0m[1m[31m[-][0m No results from search
[0m[36m
[🧩] A analisar: irc UnrealIRCd
[36m
[💾] SearchSploit lookup: irc UnrealIRCd
---------------------------------------------------------------------------------------------------------------------------------------- ---------------------------------
 Exploit Title                                                                                                                          |  Path
---------------------------------------------------------------------------------------------------------------------------------------- ---------------------------------
[01;31m[KUnrealIRCd[m[K 3.2.8.1 - Backdoor Command Execution (Metasploit)                                                                            | linux/remote/16922.rb
[01;31m[KUnrealIRCd[m[K 3.2.8.1 - Local Configuration Stack Overflow                                                                                 | windows/dos/18011.txt
[01;31m[KUnrealIRCd[m[K 3.2.8.1 - Remote Downloader/Execute                                                                                          | linux/remote/13853.pl
[01;31m[KUnrealIRCd[m[K 3.x - Remote Denial of Service                                                                                               | windows/dos/27407.pl
---------------------------------------------------------------------------------------------------------------------------------------- ---------------------------------
Shellcodes: No Results
[36m[💣] A procurar exploits no Metasploit para: irc UnrealIRCd
[0m
Matching Modules
================

   #  Name                                        Disclosure Date  Rank       Check  Description
   -  ----                                        ---------------  ----       -----  -----------
   0  exploit/unix/[45mirc[0m/unreal_[45mirc[0md_3281_backdoor  2010-06-12       [32mexcellent[0m  No     [45mUnrealIRCD[0m 3.2.8.1 Backdoor Command Execution


Interact with a module by name or index. For example [32minfo 0[0m, [32muse 0[0m or [32muse exploit/unix/irc/unreal_ircd_3281_backdoor[0m

[0m[36m
[🧩] A analisar: ajp13 Apache Jserv (Protocol v1.3)
[36m
[💾] SearchSploit lookup: ajp13 Apache Jserv (Protocol v1.3)
Exploits: No Results
Shellcodes: No Results
[36m[💣] A procurar exploits no Metasploit para: ajp13 Apache Jserv (Protocol v1.3)
[0m[1m[31m[-][0m No results from search
[0m[36m
[🧩] A analisar: http Apache Tomcat/Coyote JSP engine 1.1
[36m
[💾] SearchSploit lookup: http Apache Tomcat/Coyote JSP engine 1.1
Exploits: No Results
Shellcodes: No Results
[36m[💣] A procurar exploits no Metasploit para: http Apache Tomcat/Coyote JSP engine 1.1
[0m[1m[31m[-][0m No results from search
[0m[32m[✔] Pesquisa de exploits concluída.


=== Sessão encerrada ===
